<?xml version="1.0" encoding="UTF-8"?>
<!-- Generated by org.testng.reporters.JUnitXMLReporter -->
<testsuite hostname="DESKTOP-RECRE08" ignored="0" name="Default test" tests="4" failures="0" timestamp="02 Mar 2018 08:02:56 GMT" time="33.87" errors="0">
  <testcase name="TS01_Register" time="7.793" classname="POM_Code.NewTours_Driver"/>
  <testcase name="TS02_LoginHome" time="16.747" classname="POM_Code.NewTours_Driver"/>
  <testcase name="TS03_UserLogin" time="0.002" classname="POM_Code.NewTours_Driver"/>
  <testcase name="TS04_BookFlight" time="0.04" classname="POM_Code.NewTours_Driver"/>
</testsuite> <!-- Default test -->
