<?xml version="1.0" encoding="UTF-8"?>
<testng-results skipped="0" failed="4" ignored="0" total="4" passed="0">
  <reporter-output>
    <line>
      <![CDATA[POM_Lib.Register: Register Page initiated<BR>]]>
    </line>
    <line>
      <![CDATA[POM_Lib.Register: Page valid after login<BR>]]>
    </line>
    <line>
      <![CDATA[POM_Lib.LoginHome: Home loging Page initiated<BR>]]>
    </line>
    <line>
      <![CDATA[POM_Lib.LoginHome: Page valid after login<BR>]]>
    </line>
    <line>
      <![CDATA[POM_Lib.UserLogin: Sign On Page initiated<BR>]]>
    </line>
    <line>
      <![CDATA[POM_Lib.UserLogin: Page valid after login<BR>]]>
    </line>
  </reporter-output>
  <suite name="Suite" duration-ms="47419" started-at="2018-03-02T10:10:48Z" finished-at="2018-03-02T10:11:36Z">
    <groups>
      <group name="sample1">
        <method signature="NewTours_Driver.TS02_LoginHome(java.lang.String, java.lang.String)[pri:0, instance:POM_Code.NewTours_Driver@d2cc05a]" name="TS02_LoginHome" class="POM_Code.NewTours_Driver"/>
        <method signature="NewTours_Driver.TS03_UserLogin(java.lang.String, java.lang.String)[pri:0, instance:POM_Code.NewTours_Driver@d2cc05a]" name="TS03_UserLogin" class="POM_Code.NewTours_Driver"/>
        <method signature="NewTours_Driver.TS04_BookFlight(java.lang.String, java.lang.String)[pri:0, instance:POM_Code.NewTours_Driver@d2cc05a]" name="TS04_BookFlight" class="POM_Code.NewTours_Driver"/>
      </group> <!-- sample1 -->
      <group name="Ready">
        <method signature="NewTours_Driver.TS01_Register(java.lang.String, java.lang.String)[pri:0, instance:POM_Code.NewTours_Driver@d2cc05a]" name="TS01_Register" class="POM_Code.NewTours_Driver"/>
        <method signature="NewTours_Driver.TS02_LoginHome(java.lang.String, java.lang.String)[pri:0, instance:POM_Code.NewTours_Driver@d2cc05a]" name="TS02_LoginHome" class="POM_Code.NewTours_Driver"/>
        <method signature="NewTours_Driver.TS03_UserLogin(java.lang.String, java.lang.String)[pri:0, instance:POM_Code.NewTours_Driver@d2cc05a]" name="TS03_UserLogin" class="POM_Code.NewTours_Driver"/>
        <method signature="NewTours_Driver.TS04_BookFlight(java.lang.String, java.lang.String)[pri:0, instance:POM_Code.NewTours_Driver@d2cc05a]" name="TS04_BookFlight" class="POM_Code.NewTours_Driver"/>
      </group> <!-- Ready -->
      <group name="sample">
        <method signature="NewTours_Driver.TS01_Register(java.lang.String, java.lang.String)[pri:0, instance:POM_Code.NewTours_Driver@d2cc05a]" name="TS01_Register" class="POM_Code.NewTours_Driver"/>
      </group> <!-- sample -->
    </groups>
    <test name="Test" duration-ms="47419" started-at="2018-03-02T10:10:48Z" finished-at="2018-03-02T10:11:36Z">
      <class name="POM_Code.NewTours_Driver">
        <test-method status="PASS" signature="setUp()[pri:0, instance:POM_Code.NewTours_Driver@d2cc05a]" name="setUp" is-config="true" duration-ms="5621" started-at="2018-03-02T10:10:48Z" finished-at="2018-03-02T10:10:54Z">
          <reporter-output>
          </reporter-output>
        </test-method> <!-- setUp -->
        <test-method status="FAIL" signature="TS01_Register(java.lang.String, java.lang.String)[pri:0, instance:POM_Code.NewTours_Driver@d2cc05a]" name="TS01_Register" duration-ms="7581" started-at="2018-03-02T10:10:54Z" data-provider="dp" finished-at="2018-03-02T10:11:02Z">
          <params>
            <param index="0">
              <value>
                <![CDATA[test1]]>
              </value>
            </param>
            <param index="1">
              <value>
                <![CDATA[test1]]>
              </value>
            </param>
          </params>
          <exception class="java.lang.NoClassDefFoundError">
            <message>
              <![CDATA[org/junit/Assert]]>
            </message>
            <full-stacktrace>
              <![CDATA[java.lang.NoClassDefFoundError: org/junit/Assert
at POM_Code.NewTours_Driver.TS01_Register(NewTours_Driver.java:30)
at sun.reflect.NativeMethodAccessorImpl.invoke0(Native Method)
at sun.reflect.NativeMethodAccessorImpl.invoke(Unknown Source)
at sun.reflect.DelegatingMethodAccessorImpl.invoke(Unknown Source)
at java.lang.reflect.Method.invoke(Unknown Source)
at org.testng.internal.MethodInvocationHelper.invokeMethod(MethodInvocationHelper.java:124)
at org.testng.internal.Invoker.invokeMethod(Invoker.java:580)
at org.testng.internal.Invoker.invokeTestMethod(Invoker.java:716)
at org.testng.internal.Invoker.invokeTestMethods(Invoker.java:988)
at org.testng.internal.TestMethodWorker.invokeTestMethods(TestMethodWorker.java:125)
at org.testng.internal.TestMethodWorker.run(TestMethodWorker.java:109)
at org.testng.TestRunner.privateRun(TestRunner.java:648)
at org.testng.TestRunner.run(TestRunner.java:505)
at org.testng.SuiteRunner.runTest(SuiteRunner.java:455)
at org.testng.SuiteRunner.runSequentially(SuiteRunner.java:450)
at org.testng.SuiteRunner.privateRun(SuiteRunner.java:415)
at org.testng.SuiteRunner.run(SuiteRunner.java:364)
at org.testng.SuiteRunnerWorker.runSuite(SuiteRunnerWorker.java:52)
at org.testng.SuiteRunnerWorker.run(SuiteRunnerWorker.java:84)
at org.testng.TestNG.runSuitesSequentially(TestNG.java:1208)
at org.testng.TestNG.runSuitesLocally(TestNG.java:1137)
at org.testng.TestNG.runSuites(TestNG.java:1049)
at org.testng.TestNG.run(TestNG.java:1017)
at org.testng.TestNG.privateMain(TestNG.java:1354)
at org.testng.TestNG.main(TestNG.java:1323)
Caused by: java.lang.ClassNotFoundException: org.junit.Assert
at java.net.URLClassLoader.findClass(Unknown Source)
at java.lang.ClassLoader.loadClass(Unknown Source)
at sun.misc.Launcher$AppClassLoader.loadClass(Unknown Source)
at java.lang.ClassLoader.loadClass(Unknown Source)
... 25 more
]]>
            </full-stacktrace>
          </exception> <!-- java.lang.NoClassDefFoundError -->
          <reporter-output>
            <line>
              <![CDATA[POM_Lib.Register: Register Page initiated<BR>]]>
            </line>
            <line>
              <![CDATA[POM_Lib.Register: Page valid after login<BR>]]>
            </line>
          </reporter-output>
        </test-method> <!-- TS01_Register -->
        <test-method status="FAIL" signature="TS02_LoginHome(java.lang.String, java.lang.String)[pri:0, instance:POM_Code.NewTours_Driver@d2cc05a]" name="TS02_LoginHome" duration-ms="15860" started-at="2018-03-02T10:11:02Z" data-provider="dp" finished-at="2018-03-02T10:11:17Z">
          <params>
            <param index="0">
              <value>
                <![CDATA[test1]]>
              </value>
            </param>
            <param index="1">
              <value>
                <![CDATA[test1]]>
              </value>
            </param>
          </params>
          <exception class="java.lang.NoClassDefFoundError">
            <message>
              <![CDATA[org/junit/Assert]]>
            </message>
            <full-stacktrace>
              <![CDATA[java.lang.NoClassDefFoundError: org/junit/Assert
at POM_Code.NewTours_Driver.TS02_LoginHome(NewTours_Driver.java:35)
at sun.reflect.NativeMethodAccessorImpl.invoke0(Native Method)
at sun.reflect.NativeMethodAccessorImpl.invoke(Unknown Source)
at sun.reflect.DelegatingMethodAccessorImpl.invoke(Unknown Source)
at java.lang.reflect.Method.invoke(Unknown Source)
at org.testng.internal.MethodInvocationHelper.invokeMethod(MethodInvocationHelper.java:124)
at org.testng.internal.Invoker.invokeMethod(Invoker.java:580)
at org.testng.internal.Invoker.invokeTestMethod(Invoker.java:716)
at org.testng.internal.Invoker.invokeTestMethods(Invoker.java:988)
at org.testng.internal.TestMethodWorker.invokeTestMethods(TestMethodWorker.java:125)
at org.testng.internal.TestMethodWorker.run(TestMethodWorker.java:109)
at org.testng.TestRunner.privateRun(TestRunner.java:648)
at org.testng.TestRunner.run(TestRunner.java:505)
at org.testng.SuiteRunner.runTest(SuiteRunner.java:455)
at org.testng.SuiteRunner.runSequentially(SuiteRunner.java:450)
at org.testng.SuiteRunner.privateRun(SuiteRunner.java:415)
at org.testng.SuiteRunner.run(SuiteRunner.java:364)
at org.testng.SuiteRunnerWorker.runSuite(SuiteRunnerWorker.java:52)
at org.testng.SuiteRunnerWorker.run(SuiteRunnerWorker.java:84)
at org.testng.TestNG.runSuitesSequentially(TestNG.java:1208)
at org.testng.TestNG.runSuitesLocally(TestNG.java:1137)
at org.testng.TestNG.runSuites(TestNG.java:1049)
at org.testng.TestNG.run(TestNG.java:1017)
at org.testng.TestNG.privateMain(TestNG.java:1354)
at org.testng.TestNG.main(TestNG.java:1323)
]]>
            </full-stacktrace>
          </exception> <!-- java.lang.NoClassDefFoundError -->
          <reporter-output>
            <line>
              <![CDATA[POM_Lib.LoginHome: Home loging Page initiated<BR>]]>
            </line>
            <line>
              <![CDATA[POM_Lib.LoginHome: Page valid after login<BR>]]>
            </line>
          </reporter-output>
        </test-method> <!-- TS02_LoginHome -->
        <test-method status="FAIL" signature="TS03_UserLogin(java.lang.String, java.lang.String)[pri:0, instance:POM_Code.NewTours_Driver@d2cc05a]" name="TS03_UserLogin" duration-ms="6463" started-at="2018-03-02T10:11:17Z" data-provider="dp" finished-at="2018-03-02T10:11:24Z">
          <params>
            <param index="0">
              <value>
                <![CDATA[test1]]>
              </value>
            </param>
            <param index="1">
              <value>
                <![CDATA[test1]]>
              </value>
            </param>
          </params>
          <exception class="java.lang.NoClassDefFoundError">
            <message>
              <![CDATA[org/junit/Assert]]>
            </message>
            <full-stacktrace>
              <![CDATA[java.lang.NoClassDefFoundError: org/junit/Assert
at POM_Code.NewTours_Driver.TS03_UserLogin(NewTours_Driver.java:40)
at sun.reflect.NativeMethodAccessorImpl.invoke0(Native Method)
at sun.reflect.NativeMethodAccessorImpl.invoke(Unknown Source)
at sun.reflect.DelegatingMethodAccessorImpl.invoke(Unknown Source)
at java.lang.reflect.Method.invoke(Unknown Source)
at org.testng.internal.MethodInvocationHelper.invokeMethod(MethodInvocationHelper.java:124)
at org.testng.internal.Invoker.invokeMethod(Invoker.java:580)
at org.testng.internal.Invoker.invokeTestMethod(Invoker.java:716)
at org.testng.internal.Invoker.invokeTestMethods(Invoker.java:988)
at org.testng.internal.TestMethodWorker.invokeTestMethods(TestMethodWorker.java:125)
at org.testng.internal.TestMethodWorker.run(TestMethodWorker.java:109)
at org.testng.TestRunner.privateRun(TestRunner.java:648)
at org.testng.TestRunner.run(TestRunner.java:505)
at org.testng.SuiteRunner.runTest(SuiteRunner.java:455)
at org.testng.SuiteRunner.runSequentially(SuiteRunner.java:450)
at org.testng.SuiteRunner.privateRun(SuiteRunner.java:415)
at org.testng.SuiteRunner.run(SuiteRunner.java:364)
at org.testng.SuiteRunnerWorker.runSuite(SuiteRunnerWorker.java:52)
at org.testng.SuiteRunnerWorker.run(SuiteRunnerWorker.java:84)
at org.testng.TestNG.runSuitesSequentially(TestNG.java:1208)
at org.testng.TestNG.runSuitesLocally(TestNG.java:1137)
at org.testng.TestNG.runSuites(TestNG.java:1049)
at org.testng.TestNG.run(TestNG.java:1017)
at org.testng.TestNG.privateMain(TestNG.java:1354)
at org.testng.TestNG.main(TestNG.java:1323)
]]>
            </full-stacktrace>
          </exception> <!-- java.lang.NoClassDefFoundError -->
          <reporter-output>
            <line>
              <![CDATA[POM_Lib.UserLogin: Sign On Page initiated<BR>]]>
            </line>
            <line>
              <![CDATA[POM_Lib.UserLogin: Page valid after login<BR>]]>
            </line>
          </reporter-output>
        </test-method> <!-- TS03_UserLogin -->
        <test-method status="FAIL" signature="TS04_BookFlight(java.lang.String, java.lang.String)[pri:0, instance:POM_Code.NewTours_Driver@d2cc05a]" name="TS04_BookFlight" duration-ms="11853" started-at="2018-03-02T10:11:24Z" data-provider="dp" finished-at="2018-03-02T10:11:36Z">
          <params>
            <param index="0">
              <value>
                <![CDATA[test1]]>
              </value>
            </param>
            <param index="1">
              <value>
                <![CDATA[test1]]>
              </value>
            </param>
          </params>
          <exception class="java.lang.NoClassDefFoundError">
            <message>
              <![CDATA[org/junit/Assert]]>
            </message>
            <full-stacktrace>
              <![CDATA[java.lang.NoClassDefFoundError: org/junit/Assert
at POM_Code.NewTours_Driver.TS04_BookFlight(NewTours_Driver.java:44)
at sun.reflect.NativeMethodAccessorImpl.invoke0(Native Method)
at sun.reflect.NativeMethodAccessorImpl.invoke(Unknown Source)
at sun.reflect.DelegatingMethodAccessorImpl.invoke(Unknown Source)
at java.lang.reflect.Method.invoke(Unknown Source)
at org.testng.internal.MethodInvocationHelper.invokeMethod(MethodInvocationHelper.java:124)
at org.testng.internal.Invoker.invokeMethod(Invoker.java:580)
at org.testng.internal.Invoker.invokeTestMethod(Invoker.java:716)
at org.testng.internal.Invoker.invokeTestMethods(Invoker.java:988)
at org.testng.internal.TestMethodWorker.invokeTestMethods(TestMethodWorker.java:125)
at org.testng.internal.TestMethodWorker.run(TestMethodWorker.java:109)
at org.testng.TestRunner.privateRun(TestRunner.java:648)
at org.testng.TestRunner.run(TestRunner.java:505)
at org.testng.SuiteRunner.runTest(SuiteRunner.java:455)
at org.testng.SuiteRunner.runSequentially(SuiteRunner.java:450)
at org.testng.SuiteRunner.privateRun(SuiteRunner.java:415)
at org.testng.SuiteRunner.run(SuiteRunner.java:364)
at org.testng.SuiteRunnerWorker.runSuite(SuiteRunnerWorker.java:52)
at org.testng.SuiteRunnerWorker.run(SuiteRunnerWorker.java:84)
at org.testng.TestNG.runSuitesSequentially(TestNG.java:1208)
at org.testng.TestNG.runSuitesLocally(TestNG.java:1137)
at org.testng.TestNG.runSuites(TestNG.java:1049)
at org.testng.TestNG.run(TestNG.java:1017)
at org.testng.TestNG.privateMain(TestNG.java:1354)
at org.testng.TestNG.main(TestNG.java:1323)
]]>
            </full-stacktrace>
          </exception> <!-- java.lang.NoClassDefFoundError -->
          <reporter-output>
          </reporter-output>
        </test-method> <!-- TS04_BookFlight -->
        <test-method status="PASS" signature="tearDown()[pri:0, instance:POM_Code.NewTours_Driver@d2cc05a]" name="tearDown" is-config="true" duration-ms="1" started-at="2018-03-02T10:11:36Z" finished-at="2018-03-02T10:11:36Z">
          <reporter-output>
          </reporter-output>
        </test-method> <!-- tearDown -->
      </class> <!-- POM_Code.NewTours_Driver -->
    </test> <!-- Test -->
  </suite> <!-- Suite -->
</testng-results>
